Started GET "/" for 127.0.0.1 at 2017-06-21 18:57:30 -0700
Processing by Rails::WelcomeController#index as HTML
  Rendering /Users/ajscott/.rvm/gems/ruby-2.4.0/gems/railties-5.1.1/lib/rails/templates/rails/welcome/index.html.erb
  Rendered /Users/ajscott/.rvm/gems/ruby-2.4.0/gems/railties-5.1.1/lib/rails/templates/rails/welcome/index.html.erb (5.0ms)
Completed 200 OK in 190ms (Views: 10.1ms)


Started GET "/" for 127.0.0.1 at 2017-06-21 19:09:55 -0700
Processing by Rails::WelcomeController#index as HTML
  Rendering /Users/ajscott/.rvm/gems/ruby-2.4.0/gems/railties-5.1.1/lib/rails/templates/rails/welcome/index.html.erb
  Rendered /Users/ajscott/.rvm/gems/ruby-2.4.0/gems/railties-5.1.1/lib/rails/templates/rails/welcome/index.html.erb (2.5ms)
Completed 200 OK in 6ms (Views: 4.3ms)


Started GET "/" for 127.0.0.1 at 2017-06-21 19:11:14 -0700
Processing by ApplicationController#hello as HTML
  Rendering html template
  Rendered html template (0.0ms)
Completed 200 OK in 3ms (Views: 2.2ms)


Started GET "/" for 127.0.0.1 at 2017-06-21 19:18:16 -0700
Processing by ApplicationController#hello as HTML
  Rendering html template
  Rendered html template (0.0ms)
Completed 200 OK in 1ms (Views: 0.3ms)


Started GET "/" for 127.0.0.1 at 2017-06-21 22:04:01 -0700
Processing by ApplicationController#hello as HTML
  Rendering html template
  Rendered html template (0.1ms)
Completed 200 OK in 1ms (Views: 1.1ms)


Started GET "/" for 127.0.0.1 at 2017-06-22 00:00:00 -0700
Processing by StaticPagesController#home as HTML
  Rendering static_pages/home.html.erb within layouts/application
  Rendered static_pages/home.html.erb within layouts/application (3579.3ms)
Completed 200 OK in 3795ms (Views: 3658.3ms)


Started GET "/" for 127.0.0.1 at 2017-06-22 00:00:10 -0700
Processing by StaticPagesController#home as HTML
  Rendering static_pages/home.html.erb within layouts/application
  Rendered static_pages/home.html.erb within layouts/application (1.5ms)
Completed 200 OK in 24ms (Views: 22.2ms)


Started GET "/" for 127.0.0.1 at 2017-06-22 00:13:48 -0700
Processing by StaticPagesController#home as HTML
  Rendering static_pages/home.html.erb within layouts/application
  Rendered static_pages/home.html.erb within layouts/application (1.2ms)
  Rendered layouts/_shim.html.erb (0.4ms) [cache miss]
  Rendered layouts/_header.html.erb (0.5ms) [cache miss]
  Rendered layouts/_footer.html.erb (0.5ms) [cache miss]
Completed 200 OK in 55ms (Views: 53.0ms)


Started GET "/" for 127.0.0.1 at 2017-06-22 00:25:50 -0700
Processing by StaticPagesController#home as HTML
  Rendering static_pages/home.html.erb within layouts/application
  Rendered static_pages/home.html.erb within layouts/application (1.5ms)
  Rendered layouts/_shim.html.erb (0.4ms) [cache miss]
  Rendered layouts/_header.html.erb (0.5ms) [cache miss]
  Rendered layouts/_footer.html.erb (0.4ms) [cache miss]
Completed 200 OK in 35ms (Views: 33.2ms)


Started GET "/help_path" for 127.0.0.1 at 2017-06-22 00:25:52 -0700
  
ActionController::RoutingError (No route matches [GET] "/help_path"):
  
actionpack (5.1.1) lib/action_dispatch/middleware/debug_exceptions.rb:63:in `call'
web-console (3.5.1) lib/web_console/middleware.rb:135:in `call_app'
web-console (3.5.1) lib/web_console/middleware.rb:28:in `block in call'
web-console (3.5.1) lib/web_console/middleware.rb:18:in `catch'
web-console (3.5.1) lib/web_console/middleware.rb:18:in `call'
actionpack (5.1.1) lib/action_dispatch/middleware/show_exceptions.rb:31:in `call'
railties (5.1.1) lib/rails/rack/logger.rb:36:in `call_app'
railties (5.1.1) lib/rails/rack/logger.rb:24:in `block in call'
activesupport (5.1.1) lib/active_support/tagged_logging.rb:69:in `block in tagged'
activesupport (5.1.1) lib/active_support/tagged_logging.rb:26:in `tagged'
activesupport (5.1.1) lib/active_support/tagged_logging.rb:69:in `tagged'
railties (5.1.1) lib/rails/rack/logger.rb:24:in `call'
sprockets-rails (3.2.0) lib/sprockets/rails/quiet_assets.rb:13:in `call'
actionpack (5.1.1) lib/action_dispatch/middleware/remote_ip.rb:79:in `call'
actionpack (5.1.1) lib/action_dispatch/middleware/request_id.rb:25:in `call'
rack (2.0.3) lib/rack/method_override.rb:22:in `call'
rack (2.0.3) lib/rack/runtime.rb:22:in `call'
activesupport (5.1.1) lib/active_support/cache/strategy/local_cache_middleware.rb:27:in `call'
actionpack (5.1.1) lib/action_dispatch/middleware/executor.rb:12:in `call'
actionpack (5.1.1) lib/action_dispatch/middleware/static.rb:125:in `call'
rack (2.0.3) lib/rack/sendfile.rb:111:in `call'
railties (5.1.1) lib/rails/engine.rb:522:in `call'
puma (3.9.1) lib/puma/configuration.rb:224:in `call'
puma (3.9.1) lib/puma/server.rb:602:in `handle_request'
puma (3.9.1) lib/puma/server.rb:435:in `process_client'
puma (3.9.1) lib/puma/server.rb:299:in `block in run'
puma (3.9.1) lib/puma/thread_pool.rb:120:in `block in spawn_thread'
Started GET "/help_path" for 127.0.0.1 at 2017-06-22 00:26:14 -0700
  
ActionController::RoutingError (No route matches [GET] "/help_path"):
  
actionpack (5.1.1) lib/action_dispatch/middleware/debug_exceptions.rb:63:in `call'
web-console (3.5.1) lib/web_console/middleware.rb:135:in `call_app'
web-console (3.5.1) lib/web_console/middleware.rb:28:in `block in call'
web-console (3.5.1) lib/web_console/middleware.rb:18:in `catch'
web-console (3.5.1) lib/web_console/middleware.rb:18:in `call'
actionpack (5.1.1) lib/action_dispatch/middleware/show_exceptions.rb:31:in `call'
railties (5.1.1) lib/rails/rack/logger.rb:36:in `call_app'
railties (5.1.1) lib/rails/rack/logger.rb:24:in `block in call'
activesupport (5.1.1) lib/active_support/tagged_logging.rb:69:in `block in tagged'
activesupport (5.1.1) lib/active_support/tagged_logging.rb:26:in `tagged'
activesupport (5.1.1) lib/active_support/tagged_logging.rb:69:in `tagged'
railties (5.1.1) lib/rails/rack/logger.rb:24:in `call'
sprockets-rails (3.2.0) lib/sprockets/rails/quiet_assets.rb:13:in `call'
actionpack (5.1.1) lib/action_dispatch/middleware/remote_ip.rb:79:in `call'
actionpack (5.1.1) lib/action_dispatch/middleware/request_id.rb:25:in `call'
rack (2.0.3) lib/rack/method_override.rb:22:in `call'
rack (2.0.3) lib/rack/runtime.rb:22:in `call'
activesupport (5.1.1) lib/active_support/cache/strategy/local_cache_middleware.rb:27:in `call'
actionpack (5.1.1) lib/action_dispatch/middleware/executor.rb:12:in `call'
actionpack (5.1.1) lib/action_dispatch/middleware/static.rb:125:in `call'
rack (2.0.3) lib/rack/sendfile.rb:111:in `call'
railties (5.1.1) lib/rails/engine.rb:522:in `call'
puma (3.9.1) lib/puma/configuration.rb:224:in `call'
puma (3.9.1) lib/puma/server.rb:602:in `handle_request'
puma (3.9.1) lib/puma/server.rb:435:in `process_client'
puma (3.9.1) lib/puma/server.rb:299:in `block in run'
puma (3.9.1) lib/puma/thread_pool.rb:120:in `block in spawn_thread'
Started GET "/static_pages/about" for 127.0.0.1 at 2017-06-22 00:26:48 -0700
  
ActionController::RoutingError (No route matches [GET] "/static_pages/about"):
  
actionpack (5.1.1) lib/action_dispatch/middleware/debug_exceptions.rb:63:in `call'
web-console (3.5.1) lib/web_console/middleware.rb:135:in `call_app'
web-console (3.5.1) lib/web_console/middleware.rb:28:in `block in call'
web-console (3.5.1) lib/web_console/middleware.rb:18:in `catch'
web-console (3.5.1) lib/web_console/middleware.rb:18:in `call'
actionpack (5.1.1) lib/action_dispatch/middleware/show_exceptions.rb:31:in `call'
railties (5.1.1) lib/rails/rack/logger.rb:36:in `call_app'
railties (5.1.1) lib/rails/rack/logger.rb:24:in `block in call'
activesupport (5.1.1) lib/active_support/tagged_logging.rb:69:in `block in tagged'
activesupport (5.1.1) lib/active_support/tagged_logging.rb:26:in `tagged'
activesupport (5.1.1) lib/active_support/tagged_logging.rb:69:in `tagged'
railties (5.1.1) lib/rails/rack/logger.rb:24:in `call'
sprockets-rails (3.2.0) lib/sprockets/rails/quiet_assets.rb:13:in `call'
actionpack (5.1.1) lib/action_dispatch/middleware/remote_ip.rb:79:in `call'
actionpack (5.1.1) lib/action_dispatch/middleware/request_id.rb:25:in `call'
rack (2.0.3) lib/rack/method_override.rb:22:in `call'
rack (2.0.3) lib/rack/runtime.rb:22:in `call'
activesupport (5.1.1) lib/active_support/cache/strategy/local_cache_middleware.rb:27:in `call'
actionpack (5.1.1) lib/action_dispatch/middleware/executor.rb:12:in `call'
actionpack (5.1.1) lib/action_dispatch/middleware/static.rb:125:in `call'
rack (2.0.3) lib/rack/sendfile.rb:111:in `call'
railties (5.1.1) lib/rails/engine.rb:522:in `call'
puma (3.9.1) lib/puma/configuration.rb:224:in `call'
puma (3.9.1) lib/puma/server.rb:602:in `handle_request'
puma (3.9.1) lib/puma/server.rb:435:in `process_client'
puma (3.9.1) lib/puma/server.rb:299:in `block in run'
puma (3.9.1) lib/puma/thread_pool.rb:120:in `block in spawn_thread'
Started GET "/static_pages/about" for 127.0.0.1 at 2017-06-22 00:26:52 -0700
  
ActionController::RoutingError (No route matches [GET] "/static_pages/about"):
  
actionpack (5.1.1) lib/action_dispatch/middleware/debug_exceptions.rb:63:in `call'
web-console (3.5.1) lib/web_console/middleware.rb:135:in `call_app'
web-console (3.5.1) lib/web_console/middleware.rb:28:in `block in call'
web-console (3.5.1) lib/web_console/middleware.rb:18:in `catch'
web-console (3.5.1) lib/web_console/middleware.rb:18:in `call'
actionpack (5.1.1) lib/action_dispatch/middleware/show_exceptions.rb:31:in `call'
railties (5.1.1) lib/rails/rack/logger.rb:36:in `call_app'
railties (5.1.1) lib/rails/rack/logger.rb:24:in `block in call'
activesupport (5.1.1) lib/active_support/tagged_logging.rb:69:in `block in tagged'
activesupport (5.1.1) lib/active_support/tagged_logging.rb:26:in `tagged'
activesupport (5.1.1) lib/active_support/tagged_logging.rb:69:in `tagged'
railties (5.1.1) lib/rails/rack/logger.rb:24:in `call'
sprockets-rails (3.2.0) lib/sprockets/rails/quiet_assets.rb:13:in `call'
actionpack (5.1.1) lib/action_dispatch/middleware/remote_ip.rb:79:in `call'
actionpack (5.1.1) lib/action_dispatch/middleware/request_id.rb:25:in `call'
rack (2.0.3) lib/rack/method_override.rb:22:in `call'
rack (2.0.3) lib/rack/runtime.rb:22:in `call'
activesupport (5.1.1) lib/active_support/cache/strategy/local_cache_middleware.rb:27:in `call'
actionpack (5.1.1) lib/action_dispatch/middleware/executor.rb:12:in `call'
actionpack (5.1.1) lib/action_dispatch/middleware/static.rb:125:in `call'
rack (2.0.3) lib/rack/sendfile.rb:111:in `call'
railties (5.1.1) lib/rails/engine.rb:522:in `call'
puma (3.9.1) lib/puma/configuration.rb:224:in `call'
puma (3.9.1) lib/puma/server.rb:602:in `handle_request'
puma (3.9.1) lib/puma/server.rb:435:in `process_client'
puma (3.9.1) lib/puma/server.rb:299:in `block in run'
puma (3.9.1) lib/puma/thread_pool.rb:120:in `block in spawn_thread'
Started GET "/" for 127.0.0.1 at 2017-06-22 00:26:53 -0700
Processing by StaticPagesController#home as HTML
  Rendering static_pages/home.html.erb within layouts/application
  Rendered static_pages/home.html.erb within layouts/application (1.3ms)
  Rendered layouts/_shim.html.erb (0.2ms) [cache miss]
  Rendered layouts/_header.html.erb (0.6ms) [cache miss]
  Rendered layouts/_footer.html.erb (0.5ms) [cache miss]
Completed 200 OK in 30ms (Views: 27.3ms)


Started GET "/" for 127.0.0.1 at 2017-06-22 00:26:54 -0700
Processing by StaticPagesController#home as HTML
  Rendering static_pages/home.html.erb within layouts/application
  Rendered static_pages/home.html.erb within layouts/application (1.4ms)
  Rendered layouts/_shim.html.erb (0.4ms) [cache miss]
  Rendered layouts/_header.html.erb (0.8ms) [cache miss]
  Rendered layouts/_footer.html.erb (0.7ms) [cache miss]
Completed 200 OK in 50ms (Views: 47.3ms)


Started GET "/help" for 127.0.0.1 at 2017-06-22 00:26:56 -0700
Processing by StaticPagesController#help as HTML
  Rendering static_pages/help.html.erb within layouts/application
  Rendered static_pages/help.html.erb within layouts/application (0.5ms)
  Rendered layouts/_shim.html.erb (0.3ms) [cache miss]
  Rendered layouts/_header.html.erb (0.5ms) [cache miss]
  Rendered layouts/_footer.html.erb (0.5ms) [cache miss]
Completed 200 OK in 34ms (Views: 31.0ms)


Started GET "/contact" for 127.0.0.1 at 2017-06-22 00:26:57 -0700
Processing by StaticPagesController#contact as HTML
  Rendering static_pages/contact.html.erb within layouts/application
  Rendered static_pages/contact.html.erb within layouts/application (0.3ms)
  Rendered layouts/_shim.html.erb (0.4ms) [cache miss]
  Rendered layouts/_header.html.erb (1.0ms) [cache miss]
  Rendered layouts/_footer.html.erb (0.6ms) [cache miss]
Completed 200 OK in 31ms (Views: 29.1ms)


Started GET "/contact" for 127.0.0.1 at 2017-06-22 00:26:59 -0700
Processing by StaticPagesController#contact as HTML
  Rendering static_pages/contact.html.erb within layouts/application
  Rendered static_pages/contact.html.erb within layouts/application (0.4ms)
  Rendered layouts/_shim.html.erb (0.5ms) [cache miss]
  Rendered layouts/_header.html.erb (1.2ms) [cache miss]
  Rendered layouts/_footer.html.erb (0.9ms) [cache miss]
Completed 200 OK in 39ms (Views: 37.1ms)


Started GET "/" for 127.0.0.1 at 2017-06-22 00:27:00 -0700
Processing by StaticPagesController#home as HTML
  Rendering static_pages/home.html.erb within layouts/application
  Rendered static_pages/home.html.erb within layouts/application (1.3ms)
  Rendered layouts/_shim.html.erb (0.3ms) [cache miss]
  Rendered layouts/_header.html.erb (0.7ms) [cache miss]
  Rendered layouts/_footer.html.erb (0.8ms) [cache miss]
Completed 200 OK in 42ms (Views: 38.6ms)


Started GET "/about" for 127.0.0.1 at 2017-06-22 00:27:02 -0700
Processing by StaticPagesController#about as HTML
  Rendering static_pages/about.html.erb within layouts/application
  Rendered static_pages/about.html.erb within layouts/application (0.3ms)
  Rendered layouts/_shim.html.erb (0.3ms) [cache miss]
  Rendered layouts/_header.html.erb (0.7ms) [cache miss]
  Rendered layouts/_footer.html.erb (0.6ms) [cache miss]
Completed 200 OK in 28ms (Views: 25.9ms)


Started GET "/about" for 127.0.0.1 at 2017-06-22 00:27:04 -0700
Processing by StaticPagesController#about as HTML
  Rendering static_pages/about.html.erb within layouts/application
  Rendered static_pages/about.html.erb within layouts/application (0.6ms)
  Rendered layouts/_shim.html.erb (0.5ms) [cache miss]
  Rendered layouts/_header.html.erb (0.9ms) [cache miss]
  Rendered layouts/_footer.html.erb (0.5ms) [cache miss]
Completed 200 OK in 39ms (Views: 34.6ms)


Started GET "/about" for 127.0.0.1 at 2017-06-22 00:42:24 -0700
Processing by StaticPagesController#about as HTML
  Rendering static_pages/about.html.erb within layouts/application
  Rendered static_pages/about.html.erb within layouts/application (0.6ms)
  Rendered layouts/_shim.html.erb (0.5ms) [cache miss]
  Rendered layouts/_header.html.erb (1.0ms) [cache miss]
  Rendered layouts/_footer.html.erb (0.8ms) [cache miss]
Completed 200 OK in 101ms (Views: 99.0ms)


Started GET "/about" for 127.0.0.1 at 2017-06-22 00:42:24 -0700
Processing by StaticPagesController#about as HTML
  Rendering static_pages/about.html.erb within layouts/application
  Rendered static_pages/about.html.erb within layouts/application (0.4ms)
  Rendered layouts/_shim.html.erb (0.4ms) [cache miss]
  Rendered layouts/_header.html.erb (1.8ms) [cache miss]
  Rendered layouts/_footer.html.erb (0.7ms) [cache miss]
Completed 200 OK in 42ms (Views: 40.2ms)


Started GET "/" for 127.0.0.1 at 2017-06-22 00:42:28 -0700
Processing by StaticPagesController#home as HTML
  Rendering static_pages/home.html.erb within layouts/application
  Rendered static_pages/home.html.erb within layouts/application (1.3ms)
  Rendered layouts/_shim.html.erb (0.5ms) [cache miss]
  Rendered layouts/_header.html.erb (0.6ms) [cache miss]
  Rendered layouts/_footer.html.erb (0.4ms) [cache miss]
Completed 200 OK in 31ms (Views: 29.6ms)


Started GET "/" for 127.0.0.1 at 2017-06-22 00:42:46 -0700
Processing by StaticPagesController#home as HTML
  Rendering static_pages/home.html.erb within layouts/application
  Rendered static_pages/home.html.erb within layouts/application (2.2ms)
  Rendered layouts/_shim.html.erb (0.5ms) [cache miss]
  Rendered layouts/_header.html.erb (0.9ms) [cache miss]
  Rendered layouts/_footer.html.erb (0.7ms) [cache miss]
Completed 200 OK in 56ms (Views: 52.6ms)


Started GET "/signup" for 127.0.0.1 at 2017-06-22 00:42:48 -0700
Processing by UsersController#new as HTML
  Rendering users/new.html.erb within layouts/application
  Rendered users/new.html.erb within layouts/application (0.5ms)
  Rendered layouts/_shim.html.erb (0.4ms) [cache miss]
  Rendered layouts/_header.html.erb (3.7ms) [cache miss]
  Rendered layouts/_footer.html.erb (1.0ms) [cache miss]
Completed 200 OK in 82ms (Views: 77.7ms)


Started GET "/signup" for 127.0.0.1 at 2017-06-22 00:43:44 -0700
Processing by UsersController#new as HTML
  Rendering users/new.html.erb within layouts/application
  Rendered users/new.html.erb within layouts/application (0.3ms)
  Rendered layouts/_shim.html.erb (0.4ms) [cache miss]
  Rendered layouts/_header.html.erb (1.3ms) [cache miss]
  Rendered layouts/_footer.html.erb (0.8ms) [cache miss]
Completed 200 OK in 38ms (Views: 35.6ms)


Started GET "/" for 127.0.0.1 at 2017-06-22 10:34:58 -0700
Processing by StaticPagesController#home as HTML
  Rendering static_pages/home.html.erb within layouts/application
  Rendered static_pages/home.html.erb within layouts/application (18.6ms)
  Rendered layouts/_shim.html.erb (0.6ms) [cache miss]
  Rendered layouts/_header.html.erb (1.5ms) [cache miss]
  Rendered layouts/_footer.html.erb (1.6ms) [cache miss]
Completed 200 OK in 152ms (Views: 141.5ms)


Started GET "/" for 127.0.0.1 at 2017-06-22 10:35:57 -0700
Processing by StaticPagesController#home as HTML
  Rendering static_pages/home.html.erb within layouts/application
  Rendered static_pages/home.html.erb within layouts/application (4.8ms)
  Rendered layouts/_shim.html.erb (0.3ms) [cache miss]
  Rendered layouts/_header.html.erb (1.0ms) [cache miss]
  Rendered layouts/_footer.html.erb (1.0ms) [cache miss]
Completed 200 OK in 69ms (Views: 67.1ms)


Started GET "/" for 127.0.0.1 at 2017-06-22 10:37:13 -0700
Processing by StaticPagesController#home as HTML
  Rendering static_pages/home.html.erb within layouts/application
  Rendered static_pages/home.html.erb within layouts/application (2.3ms)
  Rendered layouts/_shim.html.erb (0.3ms) [cache miss]
  Rendered layouts/_header.html.erb (0.7ms) [cache miss]
  Rendered layouts/_footer.html.erb (0.7ms) [cache miss]
Completed 200 OK in 46ms (Views: 44.2ms)


Started GET "/" for 127.0.0.1 at 2017-06-22 10:37:16 -0700
Processing by StaticPagesController#home as HTML
  Rendering static_pages/home.html.erb within layouts/application
  Rendered static_pages/home.html.erb within layouts/application (2.7ms)
  Rendered layouts/_shim.html.erb (0.3ms) [cache miss]
  Rendered layouts/_header.html.erb (0.7ms) [cache miss]
  Rendered layouts/_footer.html.erb (0.5ms) [cache miss]
Completed 200 OK in 41ms (Views: 38.5ms)


Started GET "/" for 127.0.0.1 at 2017-06-22 10:37:38 -0700
Processing by StaticPagesController#home as HTML
  Rendering static_pages/home.html.erb within layouts/application
  Rendered static_pages/home.html.erb within layouts/application (2.2ms)
  Rendered layouts/_shim.html.erb (0.4ms) [cache miss]
  Rendered layouts/_header.html.erb (0.6ms) [cache miss]
  Rendered layouts/_footer.html.erb (0.5ms) [cache miss]
Completed 200 OK in 43ms (Views: 41.6ms)


Started GET "/" for 127.0.0.1 at 2017-06-22 11:10:35 -0700
Processing by StaticPagesController#home as HTML
  Rendering static_pages/home.html.erb within layouts/application
  Rendered static_pages/home.html.erb within layouts/application (4.7ms)
  Rendered layouts/_shim.html.erb (0.4ms) [cache miss]
  Rendered layouts/_header.html.erb (1.0ms) [cache miss]
  Rendered layouts/_footer.html.erb (0.5ms) [cache miss]
Completed 200 OK in 62ms (Views: 58.3ms)


Started GET "/" for 127.0.0.1 at 2017-06-22 12:10:14 -0700
Processing by StaticPagesController#home as HTML
  Rendering static_pages/home.html.erb within layouts/application
  Rendered static_pages/home.html.erb within layouts/application (23.5ms)
  Rendered layouts/_shim.html.erb (0.7ms) [cache miss]
  Rendered layouts/_header.html.erb (2.6ms) [cache miss]
  Rendered layouts/_footer.html.erb (1.8ms) [cache miss]
Completed 200 OK in 208ms (Views: 197.4ms)


  [1m[35m (0.1ms)[0m  [1m[34mSELECT sqlite_version(*)[0m
  [1m[35m (1.2ms)[0m  [1m[35mCREATE TABLE "schema_migrations" ("version" varchar NOT NULL PRIMARY KEY)[0m
  [1m[35m (1.1ms)[0m  [1m[35mCREATE TABLE "ar_internal_metadata" ("key" varchar NOT NULL PRIMARY KEY, "value" varchar, "created_at" datetime NOT NULL, "updated_at" datetime NOT NULL)[0m
  [1m[35m (0.2ms)[0m  [1m[34mSELECT "schema_migrations"."version" FROM "schema_migrations" ORDER BY "schema_migrations"."version" ASC[0m
Migrating to CreateUsers (20170622192354)
  [1m[35m (0.1ms)[0m  [1m[36mbegin transaction[0m
  [1m[35m (0.5ms)[0m  [1m[35mCREATE TABLE "users" ("id" INTEGER PRIMARY KEY AUTOINCREMENT NOT NULL, "name" varchar, "email" varchar, "created_at" datetime NOT NULL, "updated_at" datetime NOT NULL)[0m
  [1m[35mSQL (0.2ms)[0m  [1m[32mINSERT INTO "schema_migrations" ("version") VALUES (?)[0m  [["version", "20170622192354"]]
  [1m[35m (0.7ms)[0m  [1m[36mcommit transaction[0m
  [1m[36mActiveRecord::InternalMetadata Load (0.2ms)[0m  [1m[34mSELECT  "ar_internal_metadata".* FROM "ar_internal_metadata" WHERE "ar_internal_metadata"."key" = ? LIMIT ?[0m  [["key", "environment"], ["LIMIT", 1]]
  [1m[35m (0.0ms)[0m  [1m[36mbegin transaction[0m
  [1m[35mSQL (0.3ms)[0m  [1m[32mINSERT INTO "ar_internal_metadata" ("key", "value", "created_at", "updated_at") VALUES (?, ?, ?, ?)[0m  [["key", "environment"], ["value", "development"], ["created_at", "2017-06-22 19:27:22.647795"], ["updated_at", "2017-06-22 19:27:22.647795"]]
  [1m[35m (0.6ms)[0m  [1m[36mcommit transaction[0m
  [1m[35m (0.2ms)[0m  [1m[34mSELECT "schema_migrations"."version" FROM "schema_migrations" ORDER BY "schema_migrations"."version" ASC[0m
  [1m[35m (0.2ms)[0m  [1m[34mSELECT "schema_migrations"."version" FROM "schema_migrations" ORDER BY "schema_migrations"."version" ASC[0m
Migrating to AddIndexToUsersEmail (20170622203738)
  [1m[35m (0.1ms)[0m  [1m[36mbegin transaction[0m
  [1m[35m (0.1ms)[0m  [1m[34mSELECT sqlite_version(*)[0m
  [1m[35m (0.4ms)[0m  [1m[35mCREATE UNIQUE INDEX "index_users_on_email" ON "users" ("email")[0m
  [1m[35mSQL (0.3ms)[0m  [1m[32mINSERT INTO "schema_migrations" ("version") VALUES (?)[0m  [["version", "20170622203738"]]
  [1m[35m (1.0ms)[0m  [1m[36mcommit transaction[0m
  [1m[36mActiveRecord::InternalMetadata Load (0.2ms)[0m  [1m[34mSELECT  "ar_internal_metadata".* FROM "ar_internal_metadata" WHERE "ar_internal_metadata"."key" = ? LIMIT ?[0m  [["key", "environment"], ["LIMIT", 1]]
  [1m[35m (0.1ms)[0m  [1m[36mbegin transaction[0m
  [1m[35m (0.1ms)[0m  [1m[36mcommit transaction[0m
  [1m[35m (0.1ms)[0m  [1m[34mSELECT "schema_migrations"."version" FROM "schema_migrations" ORDER BY "schema_migrations"."version" ASC[0m
  [1m[35m (0.1ms)[0m  [1m[34m            SELECT sql
            FROM sqlite_master
            WHERE name='index_users_on_email' AND type='index'
            UNION ALL
            SELECT sql
            FROM sqlite_temp_master
            WHERE name='index_users_on_email' AND type='index'
[0m
  [1m[35m (0.4ms)[0m  [1m[34mSELECT "schema_migrations"."version" FROM "schema_migrations" ORDER BY "schema_migrations"."version" ASC[0m
Migrating to AddPasswordDigestToUsers (20170622212559)
  [1m[35m (0.1ms)[0m  [1m[36mbegin transaction[0m
  [1m[35m (0.8ms)[0m  [1m[35mALTER TABLE "users" ADD "password_digest" varchar[0m
  [1m[35mSQL (0.4ms)[0m  [1m[32mINSERT INTO "schema_migrations" ("version") VALUES (?)[0m  [["version", "20170622212559"]]
  [1m[35m (0.6ms)[0m  [1m[36mcommit transaction[0m
  [1m[36mActiveRecord::InternalMetadata Load (0.6ms)[0m  [1m[34mSELECT  "ar_internal_metadata".* FROM "ar_internal_metadata" WHERE "ar_internal_metadata"."key" = ? LIMIT ?[0m  [["key", "environment"], ["LIMIT", 1]]
  [1m[35m (0.1ms)[0m  [1m[36mbegin transaction[0m
  [1m[35m (0.0ms)[0m  [1m[36mcommit transaction[0m
  [1m[35m (0.1ms)[0m  [1m[34mSELECT "schema_migrations"."version" FROM "schema_migrations" ORDER BY "schema_migrations"."version" ASC[0m
  [1m[35m (0.1ms)[0m  [1m[34m            SELECT sql
            FROM sqlite_master
            WHERE name='index_users_on_email' AND type='index'
            UNION ALL
            SELECT sql
            FROM sqlite_temp_master
            WHERE name='index_users_on_email' AND type='index'
[0m
  [1m[35m (0.1ms)[0m  [1m[36mbegin transaction[0m
  [1m[36mUser Exists (0.2ms)[0m  [1m[34mSELECT  1 AS one FROM "users" WHERE LOWER("users"."email") = LOWER(?) LIMIT ?[0m  [["email", "ajscott@example.com"], ["LIMIT", 1]]
  [1m[35mSQL (0.4ms)[0m  [1m[32mINSERT INTO "users" ("name", "email", "created_at", "updated_at", "password_digest") VALUES (?, ?, ?, ?, ?)[0m  [["name", "AJ Scott"], ["email", "ajscott@example.com"], ["created_at", "2017-06-22 23:12:14.805690"], ["updated_at", "2017-06-22 23:12:14.805690"], ["password_digest", "$2a$10$uPHhRmmrXjDNa2YHABmp.uXQ2zvyWbqEl6ewZDjquG/85mObh29sm"]]
  [1m[35m (1.6ms)[0m  [1m[36mcommit transaction[0m
  [1m[36mUser Load (0.3ms)[0m  [1m[34mSELECT  "users".* FROM "users" WHERE "users"."email" = ? LIMIT ?[0m  [["email", "ajscott@example.com"], ["LIMIT", 1]]
